<?xml version="1.0" encoding="UTF-8"?>
<testng-results ignored="0" total="1" passed="1" failed="0" skipped="0">
  <reporter-output>
  </reporter-output>
  <suite started-at="2026-04-04T12:00:05 IST" name="Default suite" finished-at="2026-04-04T12:00:08 IST" duration-ms="2824">
    <groups>
    </groups>
    <test started-at="2026-04-04T12:00:05 IST" name="Default test" finished-at="2026-04-04T12:00:08 IST" duration-ms="2824">
      <class name="browserSetUp.BrowserSetUP">
        <test-method is-config="true" signature="openChrome()[pri:0, instance:browserSetUp.BrowserSetUP@31190526]" started-at="2026-04-04T12:00:05 IST" name="openChrome" finished-at="2026-04-04T12:00:06 IST" duration-ms="972" status="PASS">
          <reporter-output>
          </reporter-output>
        </test-method> <!-- openChrome -->
        <test-method signature="test()[pri:0, instance:browserSetUp.BrowserSetUP@31190526]" started-at="2026-04-04T12:00:06 IST" name="test" finished-at="2026-04-04T12:00:08 IST" duration-ms="1801" status="PASS">
          <reporter-output>
          </reporter-output>
        </test-method> <!-- test -->
      </class> <!-- browserSetUp.BrowserSetUP -->
    </test> <!-- Default test -->
  </suite> <!-- Default suite -->
</testng-results>
